[framework] 2017-11-21 22:38:58,800 - us.codecraft.webmagic.scheduler.QueueScheduler -0    [main] DEBUG us.codecraft.webmagic.scheduler.QueueScheduler  - push to queue https://www.jandan.net
  [framework] 2017-11-21 22:38:59,486 - us.codecraft.webmagic.Spider -686  [main] INFO  us.codecraft.webmagic.Spider  - Spider www.jandan.net started!
  [framework] 2017-11-21 22:38:59,585 - org.apache.http.client.protocol.RequestAddCookies -785  [pool-1-thread-1] DEBUG org.apache.http.client.protocol.RequestAddCookies  - CookieSpec selected: standard
  [framework] 2017-11-21 22:38:59,597 - org.apache.http.client.protocol.RequestAuthCache -797  [pool-1-thread-1] DEBUG org.apache.http.client.protocol.RequestAuthCache  - Auth cache not set in the context
  [framework] 2017-11-21 22:38:59,599 - org.apache.http.impl.conn.PoolingHttpClientConnectionManager -799  [pool-1-thread-1] DEBUG org.apache.http.impl.conn.PoolingHttpClientConnectionManager  - Connection request: [route: {s}->https://www.jandan.net:443][total kept alive: 0; route allocated: 0 of 100; total allocated: 0 of 5]
  [framework] 2017-11-21 22:38:59,629 - org.apache.http.impl.conn.PoolingHttpClientConnectionManager -829  [pool-1-thread-1] DEBUG org.apache.http.impl.conn.PoolingHttpClientConnectionManager  - Connection leased: [id: 0][route: {s}->https://www.jandan.net:443][total kept alive: 0; route allocated: 1 of 100; total allocated: 1 of 5]
  [framework] 2017-11-21 22:38:59,631 - org.apache.http.impl.execchain.MainClientExec -831  [pool-1-thread-1] DEBUG org.apache.http.impl.execchain.MainClientExec  - Opening connection {s}->https://www.jandan.net:443
  [framework] 2017-11-21 22:38:59,664 - org.apache.http.impl.conn.DefaultHttpClientConnectionOperator -864  [pool-1-thread-1] DEBUG org.apache.http.impl.conn.DefaultHttpClientConnectionOperator  - Connecting to www.jandan.net/121.207.229.248:443
  [framework] 2017-11-21 22:38:59,664 - org.apache.http.conn.ssl.SSLConnectionSocketFactory -864  [pool-1-thread-1] DEBUG org.apache.http.conn.ssl.SSLConnectionSocketFactory  - Connecting socket to www.jandan.net/121.207.229.248:443 with timeout 5000
  [framework] 2017-11-21 22:38:59,967 - org.apache.http.conn.ssl.SSLConnectionSocketFactory -1167 [pool-1-thread-1] DEBUG org.apache.http.conn.ssl.SSLConnectionSocketFactory  - Enabled protocols: [TLSv1]
  [framework] 2017-11-21 22:38:59,967 - org.apache.http.conn.ssl.SSLConnectionSocketFactory -1167 [pool-1-thread-1] DEBUG org.apache.http.conn.ssl.SSLConnectionSocketFactory  - Enabled cipher suites:[TLS_ECDHE_ECDSA_WITH_AES_128_CBC_SHA, TLS_ECDHE_RSA_WITH_AES_128_CBC_SHA, TLS_RSA_WITH_AES_128_CBC_SHA, TLS_ECDH_ECDSA_WITH_AES_128_CBC_SHA, TLS_ECDH_RSA_WITH_AES_128_CBC_SHA, TLS_DHE_RSA_WITH_AES_128_CBC_SHA, TLS_DHE_DSS_WITH_AES_128_CBC_SHA, TLS_ECDHE_ECDSA_WITH_3DES_EDE_CBC_SHA, TLS_ECDHE_RSA_WITH_3DES_EDE_CBC_SHA, SSL_RSA_WITH_3DES_EDE_CBC_SHA, TLS_ECDH_ECDSA_WITH_3DES_EDE_CBC_SHA, TLS_ECDH_RSA_WITH_3DES_EDE_CBC_SHA, SSL_DHE_RSA_WITH_3DES_EDE_CBC_SHA, SSL_DHE_DSS_WITH_3DES_EDE_CBC_SHA, TLS_EMPTY_RENEGOTIATION_INFO_SCSV]
  [framework] 2017-11-21 22:38:59,967 - org.apache.http.conn.ssl.SSLConnectionSocketFactory -1167 [pool-1-thread-1] DEBUG org.apache.http.conn.ssl.SSLConnectionSocketFactory  - Starting handshake
  [framework] 2017-11-21 22:39:00,016 - org.apache.http.impl.conn.DefaultManagedHttpClientConnection -1216 [pool-1-thread-1] DEBUG org.apache.http.impl.conn.DefaultManagedHttpClientConnection  - http-outgoing-0: Shutdown connection
  [framework] 2017-11-21 22:39:00,017 - org.apache.http.impl.execchain.MainClientExec -1217 [pool-1-thread-1] DEBUG org.apache.http.impl.execchain.MainClientExec  - Connection discarded
  [framework] 2017-11-21 22:39:00,017 - org.apache.http.impl.conn.PoolingHttpClientConnectionManager -1217 [pool-1-thread-1] DEBUG org.apache.http.impl.conn.PoolingHttpClientConnectionManager  - Connection released: [id: 0][route: {s}->https://www.jandan.net:443][total kept alive: 0; route allocated: 0 of 100; total allocated: 0 of 5]
  [framework] 2017-11-21 22:39:00,018 - us.codecraft.webmagic.downloader.HttpClientDownloader -1218 [pool-1-thread-1] WARN  us.codecraft.webmagic.downloader.HttpClientDownloader  - download page https://www.jandan.net error
  javax.net.ssl.SSLHandshakeException: Received fatal alert: certificate_unknown
	at sun.security.ssl.Alerts.getSSLException(Alerts.java:192)
	at sun.security.ssl.Alerts.getSSLException(Alerts.java:154)
	at sun.security.ssl.SSLSocketImpl.recvAlert(SSLSocketImpl.java:2023)
	at sun.security.ssl.SSLSocketImpl.readRecord(SSLSocketImpl.java:1125)
	at sun.security.ssl.SSLSocketImpl.performInitialHandshake(SSLSocketImpl.java:1375)
	at sun.security.ssl.SSLSocketImpl.startHandshake(SSLSocketImpl.java:1403)
	at sun.security.ssl.SSLSocketImpl.startHandshake(SSLSocketImpl.java:1387)
	at org.apache.http.conn.ssl.SSLConnectionSocketFactory.createLayeredSocket(SSLConnectionSocketFactory.java:394)
	at org.apache.http.conn.ssl.SSLConnectionSocketFactory.connectSocket(SSLConnectionSocketFactory.java:353)
	at org.apache.http.impl.conn.DefaultHttpClientConnectionOperator.connect(DefaultHttpClientConnectionOperator.java:141)
	at org.apache.http.impl.conn.PoolingHttpClientConnectionManager.connect(PoolingHttpClientConnectionManager.java:353)
	at org.apache.http.impl.execchain.MainClientExec.establishRoute(MainClientExec.java:380)
	at org.apache.http.impl.execchain.MainClientExec.execute(MainClientExec.java:236)
	at org.apache.http.impl.execchain.ProtocolExec.execute(ProtocolExec.java:184)
	at org.apache.http.impl.execchain.RetryExec.execute(RetryExec.java:88)
	at org.apache.http.impl.execchain.RedirectExec.execute(RedirectExec.java:110)
	at org.apache.http.impl.client.InternalHttpClient.doExecute(InternalHttpClient.java:184)
	at org.apache.http.impl.client.CloseableHttpClient.execute(CloseableHttpClient.java:82)
	at us.codecraft.webmagic.downloader.HttpClientDownloader.download(HttpClientDownloader.java:85)
	at us.codecraft.webmagic.Spider.processRequest(Spider.java:404)
	at us.codecraft.webmagic.Spider.access$000(Spider.java:61)
	at us.codecraft.webmagic.Spider$1.run(Spider.java:320)
	at us.codecraft.webmagic.thread.CountableThreadPool$1.run(CountableThreadPool.java:74)
	at java.util.concurrent.ThreadPoolExecutor.runWorker(ThreadPoolExecutor.java:1142)
	at java.util.concurrent.ThreadPoolExecutor$Worker.run(ThreadPoolExecutor.java:617)
	at java.lang.Thread.run(Thread.java:745)
[framework] 2017-11-21 22:39:00,127 - us.codecraft.webmagic.Spider -1327 [main] INFO  us.codecraft.webmagic.Spider  - Spider www.jandan.net closed! 1 pages downloaded.
  